
   INFO  Server running on [http://0.0.0.0:8000].  

  Press Ctrl+C to stop the server

  2026-03-04 13:36:55 / ............................................ ~ 0.07ms
  2026-03-04 13:36:55 /.well-known/appspecific/com.chrome.devtools.json  ~ 0.02ms
  2026-03-04 13:36:55 /build/assets/app-D5EsiSJk.css ............... ~ 0.08ms
  2026-03-04 13:36:55 /build/assets/app-CjDuiK26.js ................ ~ 0.16ms
  2026-03-04 13:36:56 /build/assets/Login-R5iQ3AYC.js .............. ~ 0.27ms
  2026-03-04 13:36:56 /build/assets/Login-BLL06owR.css ............. ~ 0.77ms
  2026-03-04 13:36:56 /build/assets/materialdesignicons-webfont-Dp5v-WZN.woff2?v=7.4.47  ~ 0.15ms
  2026-03-04 13:36:56 /favicon.ico ................................. ~ 0.31ms
  2026-03-04 13:37:13 /api/login ................................... ~ 0.06ms
  2026-03-04 13:37:55 /api/login ................................... ~ 0.06ms
  2026-03-04 13:37:55 /api/login ................................... ~ 0.08ms
  2026-03-04 13:37:56 /api/login ................................... ~ 0.05ms
  2026-03-04 13:37:57 /api/login ................................... ~ 0.08ms
  2026-03-04 13:37:58 /api/login ................................... ~ 0.06ms
  2026-03-04 13:37:58 /api/login ................................... ~ 0.19ms
  2026-03-04 13:38:00 /api/login ................................... ~ 0.06ms
  2026-03-04 13:38:00 /api/login ................................... ~ 0.06ms
  2026-03-04 13:38:01 /api/login ................................... ~ 0.06ms
  2026-03-04 13:38:02 /api/login ................................... ~ 0.05ms
  2026-03-04 13:38:02 /api/login ................................... ~ 0.05ms
  2026-03-04 13:38:03 /api/login ................................... ~ 0.06ms
  2026-03-04 13:38:03 /api/login ................................... ~ 0.29ms
  2026-03-04 13:38:03 /api/login ................................... ~ 0.11ms
  2026-03-04 13:38:10 /api/login ................................... ~ 0.29ms
  2026-03-04 13:39:09 /api/login ................................... ~ 0.06ms
  2026-03-04 13:39:11 /api/login ................................... ~ 0.21ms
  2026-03-04 13:39:45 /api/login ................................... ~ 0.06ms
  2026-03-04 13:40:58 /api/login ................................. ~ 500.56ms
  2026-03-04 13:40:58 /api/login ................................... ~ 0.16ms
  2026-03-04 13:41:44 /login ..................................... ~ 500.22ms
  2026-03-04 13:41:44 /build/assets/app-D5EsiSJk.css ............. ~ 500.44ms
  2026-03-04 13:41:45 /build/assets/app-CjDuiK26.js ................ ~ 0.11ms
  2026-03-04 13:41:45 /build/assets/Login-BLL06owR.css ............. ~ 0.10ms
  2026-03-04 13:41:45 /build/assets/Login-R5iQ3AYC.js .............. ~ 0.26ms
  2026-03-04 13:41:45 /build/assets/materialdesignicons-webfont-Dp5v-WZN.woff2?v=7.4.47  ~ 0.03ms
  2026-03-04 13:41:45 /favicon.ico ................................. ~ 0.02ms
  2026-03-04 13:42:08 /api/login ................................. ~ 500.64ms
  2026-03-04 13:42:08 /build/assets/Home-gkb4tA-f.js ............... ~ 0.30ms
  2026-03-04 13:42:08 /build/assets/Dashboard-BkYorCEU.css ......... ~ 0.80ms
  2026-03-04 13:42:08 /build/assets/httpClient-DinKV8Z2.js ......... ~ 1.16ms
  2026-03-04 13:42:08 /build/assets/Home-x115xvPf.css .............. ~ 1.51ms
  2026-03-04 13:42:08 /build/assets/AppLayout-BAWXjvT4.js .......... ~ 1.96ms
  2026-03-04 13:42:08 /build/assets/Dashboard-Dap_S9ik.js .......... ~ 2.33ms
  2026-03-04 13:42:08 /favicon.ico ................................. ~ 0.10ms
  2026-03-04 13:42:30 /api/import/classesfs ........................ ~ 0.19ms
  2026-03-04 13:42:30 /favicon.ico ................................. ~ 0.10ms
  2026-03-04 13:42:39 /api/import/classes ........................ ~ 500.24ms
  2026-03-04 13:42:39 /favicon.ico ................................. ~ 0.03ms
  2026-03-04 13:43:17 /api/login ................................... ~ 0.22ms
  2026-03-04 13:43:24 /api/login ................................... ~ 0.06ms
  2026-03-04 13:43:25 /api/login ................................... ~ 0.08ms
  2026-03-04 13:43:31 /login ....................................... ~ 0.25ms
  2026-03-04 13:43:31 /build/assets/app-D5EsiSJk.css ............... ~ 1.40ms
  2026-03-04 13:43:31 /build/assets/app-CjDuiK26.js ................ ~ 0.64ms
  2026-03-04 13:43:31 /build/assets/Login-BLL06owR.css ............. ~ 0.14ms
  2026-03-04 13:43:31 /build/assets/Login-R5iQ3AYC.js .............. ~ 0.58ms
  2026-03-04 13:43:31 /favicon.ico ................................. ~ 0.10ms
  2026-03-04 13:43:31 /build/assets/materialdesignicons-webfont-Dp5v-WZN.woff2?v=7.4.47  ~ 0.15ms
  2026-03-04 13:43:40 /api/login ................................... ~ 0.22ms
  2026-03-04 13:45:33 /api/login ................................... ~ 0.22ms
  2026-03-04 13:45:34 /api/login ................................... ~ 0.24ms
  2026-03-04 13:46:24 /login ....................................... ~ 0.05ms
  2026-03-04 13:46:25 /build/assets/app-D5EsiSJk.css ............... ~ 0.03ms
  2026-03-04 13:46:25 /build/assets/app-CjDuiK26.js ................ ~ 0.11ms
  2026-03-04 13:46:25 /api/user .................................. ~ 500.20ms
  2026-03-04 13:46:25 /favicon.ico ................................. ~ 0.02ms
  2026-03-04 13:46:25 /build/assets/Dashboard-BkYorCEU.css ......... ~ 0.03ms
  2026-03-04 13:46:25 /build/assets/Dashboard-Dap_S9ik.js .......... ~ 0.09ms
  2026-03-04 13:46:25 /build/assets/AppLayout-BAWXjvT4.js .......... ~ 0.16ms
  2026-03-04 13:46:25 /api/dashboard ............................... ~ 0.02ms
  2026-03-04 13:46:25 /build/assets/materialdesignicons-webfont-Dp5v-WZN.woff2?v=7.4.47  ~ 0.02ms
  2026-03-04 13:46:25 /favicon.ico ................................. ~ 0.02ms
  2026-03-04 13:46:46 /build/assets/CoursesMy-Bbyrh7_2.js ........ ~ 500.69ms
  2026-03-04 13:46:46 /build/assets/CoursesMy-DMv5naQc.css ......... ~ 0.71ms
  2026-03-04 13:46:46 /api/api/courses/my .......................... ~ 0.13ms
  2026-03-04 13:46:46 /favicon.ico ................................. ~ 0.91ms
  2026-03-04 13:46:49 /api/dashboard ............................. ~ 500.51ms
  2026-03-04 13:46:49 /favicon.ico ................................. ~ 0.12ms
  2026-03-04 13:48:03 /api/api/courses/my .......................... ~ 0.09ms
  2026-03-04 13:48:03 /favicon.ico ................................. ~ 0.32ms
  2026-03-04 13:48:23 /api/classesfs ............................... ~ 0.06ms
  2026-03-04 13:48:23 /api/login ................................... ~ 0.02ms
  2026-03-04 13:48:36 /api/classesfs ............................... ~ 0.06ms
  2026-03-04 13:48:36 /api/login ................................... ~ 0.02ms
  2026-03-04 13:48:45 /api/classesfs ............................... ~ 0.08ms
  2026-03-04 13:48:45 /api/login ................................... ~ 0.03ms
  2026-03-04 13:48:56 /api/classesfs ............................... ~ 0.06ms
  2026-03-04 13:48:56 /api/login ................................... ~ 0.02ms
  2026-03-04 13:49:05 /api/classesfs ............................... ~ 0.06ms
  2026-03-04 13:49:05 /api/login ................................... ~ 0.02ms
  2026-03-04 13:49:20 /api/classesfs ............................... ~ 0.22ms
  2026-03-04 13:49:20 /api/login ................................... ~ 0.10ms
  2026-03-04 13:49:39 /api/classesfs ............................... ~ 0.07ms
  2026-03-04 13:49:39 /api/login ................................... ~ 0.02ms
  2026-03-04 13:49:51 /api/classesfs ............................... ~ 0.06ms
  2026-03-04 13:49:51 /api/login ................................... ~ 0.02ms
  2026-03-04 13:50:02 /api/classesfs ............................... ~ 0.06ms
  2026-03-04 13:50:02 /api/login ................................... ~ 0.02ms
  2026-03-04 13:50:14 /api/classesfs ............................... ~ 0.08ms
  2026-03-04 13:50:14 /api/login ................................... ~ 0.03ms
  2026-03-04 13:50:26 /api/classesfs ............................... ~ 0.06ms
  2026-03-04 13:50:26 /api/login ................................... ~ 0.02ms
  2026-03-04 13:50:46 /api/classesfs ............................... ~ 0.06ms
  2026-03-04 13:50:46 /api/login ................................... ~ 0.02ms
  2026-03-04 13:51:05 /api/classesfs ............................... ~ 0.07ms
  2026-03-04 13:51:05 /api/login ................................. ~ 500.19ms
  2026-03-04 13:51:10 /api/classesfs ............................... ~ 0.06ms
  2026-03-04 13:51:10 /api/login ................................... ~ 0.02ms
  2026-03-04 13:51:23 /api/classesfs ............................. ~ 500.20ms
  2026-03-04 13:51:23 /api/login ................................... ~ 0.02ms
  2026-03-04 13:51:35 /api/classesfs ............................... ~ 0.06ms
  2026-03-04 13:51:35 /api/login ................................... ~ 0.02ms
  2026-03-04 13:51:43 /api/classesfs ............................... ~ 0.06ms
  2026-03-04 13:51:43 /api/login ................................... ~ 0.02ms
  2026-03-04 13:51:49 /api/classesfs ............................... ~ 0.06ms
  2026-03-04 13:51:49 /api/login ................................... ~ 0.02ms
  2026-03-04 13:52:02 /api/classesfs ............................... ~ 0.06ms
  2026-03-04 13:52:02 /api/login ................................... ~ 0.03ms
  2026-03-04 13:52:16 /api/classesfs ............................... ~ 0.06ms
  2026-03-04 13:52:16 /api/login ................................... ~ 0.02ms
  2026-03-04 13:52:23 /api/classesfs ............................... ~ 0.05ms
  2026-03-04 13:52:23 /api/login ................................... ~ 0.02ms
  2026-03-04 13:52:34 /api/classesfs .............................. ~ 69.12ms
  2026-03-04 13:52:34 /api/login ................................... ~ 0.02ms
  2026-03-04 13:52:39 /api/classesfs ............................... ~ 0.21ms
  2026-03-04 13:52:39 /api/login ................................... ~ 0.10ms
  2026-03-04 13:52:51 /api/classesfs ............................... ~ 0.15ms
  2026-03-04 13:52:51 /api/login ................................... ~ 0.07ms
  2026-03-04 13:53:06 /api/classesfs ............................... ~ 0.05ms
  2026-03-04 13:53:06 /api/login ................................... ~ 0.02ms
  2026-03-04 13:53:20 /api/classesfs ............................... ~ 0.08ms
  2026-03-04 13:53:20 /api/login ................................... ~ 0.32ms
  2026-03-04 13:53:23 /api/login ................................... ~ 0.10ms
  2026-03-04 13:53:23 /api/classesfs ................................... ~ 6s
  2026-03-04 13:53:29 /api/login ................................... ~ 0.02ms
  2026-03-04 13:53:45 /api/classesfs ............................... ~ 0.07ms
  2026-03-04 13:53:45 /api/login ................................... ~ 0.03ms
  2026-03-04 13:53:55 /api/classesfs ............................... ~ 0.07ms
  2026-03-04 13:53:55 /api/login ................................... ~ 0.02ms
  2026-03-04 13:54:16 /api/classesfs ............................... ~ 0.06ms
  2026-03-04 13:54:16 /api/login ................................... ~ 0.02ms
  2026-03-04 13:54:26 /api/classesfs ............................... ~ 0.22ms
  2026-03-04 13:54:26 /api/login ................................... ~ 0.10ms
  2026-03-04 13:54:34 /api/classesfs ............................... ~ 0.21ms
  2026-03-04 13:54:34 /api/login ................................... ~ 0.10ms
  2026-03-04 13:54:46 /api/classesfs ............................... ~ 0.07ms
  2026-03-04 13:54:46 /api/login ................................... ~ 0.02ms
  2026-03-04 13:55:02 /api/classesfs ............................... ~ 0.06ms
  2026-03-04 13:55:02 /api/login ................................. ~ 500.27ms
  2026-03-04 13:55:10 /api/classesfs ............................... ~ 0.08ms
  2026-03-04 13:55:10 /api/login ................................... ~ 0.03ms
  2026-03-04 14:03:29 /api/login ................................. ~ 500.40ms
  2026-03-04 14:03:29 /api/login ................................. ~ 500.23ms
  2026-03-04 16:19:01 /api/login ................................... ~ 0.22ms
  2026-03-04 14:03:29 .......................................... ~ 2h 56m 10s
